0 info it worked if it ends with ok
1 verbose cli [ 'C:\\Program Files\\nodejs\\node.exe',
1 verbose cli   'C:\\Program Files\\nodejs\\node_modules\\npm\\bin\\npm-cli.js',
1 verbose cli   'install',
1 verbose cli   'robotjs',
1 verbose cli   '--save-dev' ]
2 info using npm@3.10.8
3 info using node@v6.9.1
4 silly loadCurrentTree Starting
5 silly install loadCurrentTree
6 silly install readLocalPackageData
7 silly fetchPackageMetaData robotjs@^0.5.1
8 silly fetchNamedPackageData robotjs
9 silly mapToRegistry name robotjs
10 silly mapToRegistry using default registry
11 silly mapToRegistry registry https://registry.npmjs.org/
12 silly mapToRegistry data Result {
12 silly mapToRegistry   raw: 'robotjs',
12 silly mapToRegistry   scope: null,
12 silly mapToRegistry   escapedName: 'robotjs',
12 silly mapToRegistry   name: 'robotjs',
12 silly mapToRegistry   rawSpec: '',
12 silly mapToRegistry   spec: 'latest',
12 silly mapToRegistry   type: 'tag' }
13 silly mapToRegistry uri https://registry.npmjs.org/robotjs
14 verbose request uri https://registry.npmjs.org/robotjs
15 verbose request no auth needed
16 info attempt registry request try #1 at 11:37:06
17 verbose request id c7c805137cd16b51
18 verbose etag W/"1f1ee8ed1d9ce6064361888a3158e7d1"
19 verbose lastModified Sun, 27 May 2018 16:12:48 GMT
20 http request GET https://registry.npmjs.org/robotjs
21 http 304 https://registry.npmjs.org/robotjs
22 verbose headers { date: 'Fri, 21 Sep 2018 03:37:06 GMT',
22 verbose headers   connection: 'keep-alive',
22 verbose headers   'set-cookie': [ '__cfduid=de0b83dc1d235dfbf574107129cb7f94a1537501026; expires=Sat, 21-Sep-19 03:37:06 GMT; path=/; domain=.registry.npmjs.org; HttpOnly' ],
22 verbose headers   'cf-cache-status': 'HIT',
22 verbose headers   'cache-control': 'max-age=300',
22 verbose headers   'cf-ray': '45d97dc8fe10a8ee-SIN',
22 verbose headers   etag: '"1f1ee8ed1d9ce6064361888a3158e7d1"',
22 verbose headers   'expect-ct': 'max-age=604800, report-uri="https://report-uri.cloudflare.com/cdn-cgi/beacon/expect-ct"',
22 verbose headers   'last-modified': 'Sun, 27 May 2018 16:12:48 GMT',
22 verbose headers   vary: 'accept-encoding, accept',
22 verbose headers   server: 'cloudflare' }
23 silly get cb [ 304,
23 silly get   { date: 'Fri, 21 Sep 2018 03:37:06 GMT',
23 silly get     connection: 'keep-alive',
23 silly get     'set-cookie': [ '__cfduid=de0b83dc1d235dfbf574107129cb7f94a1537501026; expires=Sat, 21-Sep-19 03:37:06 GMT; path=/; domain=.registry.npmjs.org; HttpOnly' ],
23 silly get     'cf-cache-status': 'HIT',
23 silly get     'cache-control': 'max-age=300',
23 silly get     'cf-ray': '45d97dc8fe10a8ee-SIN',
23 silly get     etag: '"1f1ee8ed1d9ce6064361888a3158e7d1"',
23 silly get     'expect-ct': 'max-age=604800, report-uri="https://report-uri.cloudflare.com/cdn-cgi/beacon/expect-ct"',
23 silly get     'last-modified': 'Sun, 27 May 2018 16:12:48 GMT',
23 silly get     vary: 'accept-encoding, accept',
23 silly get     server: 'cloudflare' } ]
24 verbose etag https://registry.npmjs.org/robotjs from cache
25 verbose get saving robotjs to C:\Users\v-zhlong\AppData\Roaming\npm-cache\registry.npmjs.org\robotjs\.cache.json
26 verbose correctMkdir C:\Users\v-zhlong\AppData\Roaming\npm-cache correctMkdir not in flight; initializing
27 silly install normalizeTree
28 silly loadCurrentTree Finishing
29 silly loadIdealTree Starting
30 silly install loadIdealTree
31 silly cloneCurrentTree Starting
32 silly install cloneCurrentTreeToIdealTree
33 silly cloneCurrentTree Finishing
34 silly loadShrinkwrap Starting
35 silly install loadShrinkwrap
36 silly loadShrinkwrap Finishing
37 silly loadAllDepsIntoIdealTree Starting
38 silly install loadAllDepsIntoIdealTree
39 silly resolveWithNewModule robotjs@0.5.1 checking installable status
40 silly cache add args [ 'robotjs@^0.5.1', null ]
41 verbose cache add spec robotjs@^0.5.1
42 silly cache add parsed spec Result {
42 silly cache add   raw: 'robotjs@^0.5.1',
42 silly cache add   scope: null,
42 silly cache add   escapedName: 'robotjs',
42 silly cache add   name: 'robotjs',
42 silly cache add   rawSpec: '^0.5.1',
42 silly cache add   spec: '>=0.5.1 <0.6.0',
42 silly cache add   type: 'range' }
43 silly addNamed robotjs@>=0.5.1 <0.6.0
44 verbose addNamed ">=0.5.1 <0.6.0" is a valid semver range for robotjs
45 silly addNameRange { name: 'robotjs', range: '>=0.5.1 <0.6.0', hasData: false }
46 silly mapToRegistry name robotjs
47 silly mapToRegistry using default registry
48 silly mapToRegistry registry https://registry.npmjs.org/
49 silly mapToRegistry data Result {
49 silly mapToRegistry   raw: 'robotjs',
49 silly mapToRegistry   scope: null,
49 silly mapToRegistry   escapedName: 'robotjs',
49 silly mapToRegistry   name: 'robotjs',
49 silly mapToRegistry   rawSpec: '',
49 silly mapToRegistry   spec: 'latest',
49 silly mapToRegistry   type: 'tag' }
50 silly mapToRegistry uri https://registry.npmjs.org/robotjs
51 verbose addNameRange registry:https://registry.npmjs.org/robotjs not in flight; fetching
52 verbose get https://registry.npmjs.org/robotjs not expired, no request
53 silly addNameRange number 2 { name: 'robotjs', range: '>=0.5.1 <0.6.0', hasData: true }
54 silly addNameRange versions [ 'robotjs',
54 silly addNameRange   [ '0.0.1',
54 silly addNameRange     '0.0.2',
54 silly addNameRange     '0.0.3',
54 silly addNameRange     '0.0.4',
54 silly addNameRange     '0.0.5',
54 silly addNameRange     '0.1.0',
54 silly addNameRange     '0.1.1',
54 silly addNameRange     '0.1.2',
54 silly addNameRange     '0.1.3',
54 silly addNameRange     '0.1.4',
54 silly addNameRange     '0.2.0',
54 silly addNameRange     '0.2.1',
54 silly addNameRange     '0.2.2',
54 silly addNameRange     '0.2.3',
54 silly addNameRange     '0.2.4',
54 silly addNameRange     '0.3.0',
54 silly addNameRange     '0.3.1',
54 silly addNameRange     '0.3.2',
54 silly addNameRange     '0.3.3',
54 silly addNameRange     '0.3.4',
54 silly addNameRange     '0.3.5',
54 silly addNameRange     '0.3.6',
54 silly addNameRange     '0.3.7',
54 silly addNameRange     '0.4.0',
54 silly addNameRange     '0.4.1',
54 silly addNameRange     '0.4.2',
54 silly addNameRange     '0.4.3',
54 silly addNameRange     '0.4.4',
54 silly addNameRange     '0.4.5',
54 silly addNameRange     '0.4.7',
54 silly addNameRange     '0.5.0',
54 silly addNameRange     '0.5.1' ] ]
55 silly addNamed robotjs@0.5.1
56 verbose addNamed "0.5.1" is a plain semver version for robotjs
57 silly cache afterAdd robotjs@0.5.1
58 verbose afterAdd C:\Users\v-zhlong\AppData\Roaming\npm-cache\robotjs\0.5.1\package\package.json not in flight; writing
59 verbose correctMkdir C:\Users\v-zhlong\AppData\Roaming\npm-cache correctMkdir not in flight; initializing
60 verbose afterAdd C:\Users\v-zhlong\AppData\Roaming\npm-cache\robotjs\0.5.1\package\package.json written
61 silly loadAllDepsIntoIdealTree Finishing
62 silly loadIdealTree Finishing
63 silly currentTree skype-robot@1.0.0
63 silly currentTree +-- ansi-regex@2.1.1
63 silly currentTree +-- aproba@1.2.0
63 silly currentTree +-- are-we-there-yet@1.1.5
63 silly currentTree +-- bl@1.2.2
63 silly currentTree +-- buffer-alloc-unsafe@1.1.0
63 silly currentTree +-- buffer-alloc@1.2.0
63 silly currentTree +-- buffer-fill@1.0.0
63 silly currentTree +-- chownr@1.1.1
63 silly currentTree +-- code-point-at@1.1.0
63 silly currentTree +-- console-control-strings@1.1.0
63 silly currentTree +-- core-util-is@1.0.2
63 silly currentTree +-- decompress-response@3.3.0
63 silly currentTree +-- deep-extend@0.6.0
63 silly currentTree +-- delegates@1.0.0
63 silly currentTree +-- detect-libc@1.0.3
63 silly currentTree +-- end-of-stream@1.4.1
63 silly currentTree +-- expand-template@1.1.1
63 silly currentTree +-- fs-constants@1.0.0
63 silly currentTree +-- gauge@2.7.4
63 silly currentTree +-- github-from-package@0.0.0
63 silly currentTree +-- has-unicode@2.0.1
63 silly currentTree +-- inherits@2.0.3
63 silly currentTree +-- ini@1.3.5
63 silly currentTree +-- is-fullwidth-code-point@1.0.0
63 silly currentTree +-- isarray@1.0.0
63 silly currentTree +-- mimic-response@1.0.1
63 silly currentTree +-- minimist@1.2.0
63 silly currentTree +-- mkdirp@0.5.1
63 silly currentTree | `-- minimist@0.0.8
63 silly currentTree +-- nan@2.11.0
63 silly currentTree +-- node-abi@2.4.4
63 silly currentTree +-- noop-logger@0.1.1
63 silly currentTree +-- npmlog@4.1.2
63 silly currentTree +-- number-is-nan@1.0.1
63 silly currentTree +-- object-assign@4.1.1
63 silly currentTree +-- once@1.4.0
63 silly currentTree +-- os-homedir@1.0.2
63 silly currentTree +-- prebuild-install@2.5.3
63 silly currentTree +-- process-nextick-args@2.0.0
63 silly currentTree +-- pump@2.0.1
63 silly currentTree +-- rc@1.2.8
63 silly currentTree +-- readable-stream@2.3.6
63 silly currentTree +-- safe-buffer@5.1.2
63 silly currentTree +-- semver@5.5.1
63 silly currentTree +-- set-blocking@2.0.0
63 silly currentTree +-- signal-exit@3.0.2
63 silly currentTree +-- simple-concat@1.0.0
63 silly currentTree +-- simple-get@2.8.1
63 silly currentTree +-- string_decoder@1.1.1
63 silly currentTree +-- string-width@1.0.2
63 silly currentTree +-- strip-ansi@3.0.1
63 silly currentTree +-- strip-json-comments@2.0.1
63 silly currentTree +-- tar-fs@1.16.3
63 silly currentTree | `-- pump@1.0.3
63 silly currentTree +-- tar-stream@1.6.1
63 silly currentTree +-- to-buffer@1.1.1
63 silly currentTree +-- tunnel-agent@0.6.0
63 silly currentTree +-- util-deprecate@1.0.2
63 silly currentTree +-- which-pm-runs@1.0.0
63 silly currentTree +-- wide-align@1.1.3
63 silly currentTree +-- wrappy@1.0.2
63 silly currentTree `-- xtend@4.0.1
64 silly idealTree skype-robot@1.0.0
64 silly idealTree +-- ansi-regex@2.1.1
64 silly idealTree +-- aproba@1.2.0
64 silly idealTree +-- are-we-there-yet@1.1.5
64 silly idealTree +-- bl@1.2.2
64 silly idealTree +-- buffer-alloc-unsafe@1.1.0
64 silly idealTree +-- buffer-alloc@1.2.0
64 silly idealTree +-- buffer-fill@1.0.0
64 silly idealTree +-- chownr@1.1.1
64 silly idealTree +-- code-point-at@1.1.0
64 silly idealTree +-- console-control-strings@1.1.0
64 silly idealTree +-- core-util-is@1.0.2
64 silly idealTree +-- decompress-response@3.3.0
64 silly idealTree +-- deep-extend@0.6.0
64 silly idealTree +-- delegates@1.0.0
64 silly idealTree +-- detect-libc@1.0.3
64 silly idealTree +-- end-of-stream@1.4.1
64 silly idealTree +-- expand-template@1.1.1
64 silly idealTree +-- fs-constants@1.0.0
64 silly idealTree +-- gauge@2.7.4
64 silly idealTree +-- github-from-package@0.0.0
64 silly idealTree +-- has-unicode@2.0.1
64 silly idealTree +-- inherits@2.0.3
64 silly idealTree +-- ini@1.3.5
64 silly idealTree +-- is-fullwidth-code-point@1.0.0
64 silly idealTree +-- isarray@1.0.0
64 silly idealTree +-- mimic-response@1.0.1
64 silly idealTree +-- minimist@1.2.0
64 silly idealTree +-- mkdirp@0.5.1
64 silly idealTree | `-- minimist@0.0.8
64 silly idealTree +-- nan@2.11.0
64 silly idealTree +-- node-abi@2.4.4
64 silly idealTree +-- noop-logger@0.1.1
64 silly idealTree +-- npmlog@4.1.2
64 silly idealTree +-- number-is-nan@1.0.1
64 silly idealTree +-- object-assign@4.1.1
64 silly idealTree +-- once@1.4.0
64 silly idealTree +-- os-homedir@1.0.2
64 silly idealTree +-- prebuild-install@2.5.3
64 silly idealTree +-- process-nextick-args@2.0.0
64 silly idealTree +-- pump@2.0.1
64 silly idealTree +-- rc@1.2.8
64 silly idealTree +-- readable-stream@2.3.6
64 silly idealTree +-- robotjs@0.5.1
64 silly idealTree +-- safe-buffer@5.1.2
64 silly idealTree +-- semver@5.5.1
64 silly idealTree +-- set-blocking@2.0.0
64 silly idealTree +-- signal-exit@3.0.2
64 silly idealTree +-- simple-concat@1.0.0
64 silly idealTree +-- simple-get@2.8.1
64 silly idealTree +-- string_decoder@1.1.1
64 silly idealTree +-- string-width@1.0.2
64 silly idealTree +-- strip-ansi@3.0.1
64 silly idealTree +-- strip-json-comments@2.0.1
64 silly idealTree +-- tar-fs@1.16.3
64 silly idealTree | `-- pump@1.0.3
64 silly idealTree +-- tar-stream@1.6.1
64 silly idealTree +-- to-buffer@1.1.1
64 silly idealTree +-- tunnel-agent@0.6.0
64 silly idealTree +-- util-deprecate@1.0.2
64 silly idealTree +-- which-pm-runs@1.0.0
64 silly idealTree +-- wide-align@1.1.3
64 silly idealTree +-- wrappy@1.0.2
64 silly idealTree `-- xtend@4.0.1
65 silly generateActionsToTake Starting
66 silly install generateActionsToTake
67 silly generateActionsToTake Finishing
68 silly diffTrees action count 1
69 silly diffTrees add robotjs@0.5.1
70 silly decomposeActions action count 8
71 silly decomposeActions fetch robotjs@0.5.1
72 silly decomposeActions extract robotjs@0.5.1
73 silly decomposeActions test robotjs@0.5.1
74 silly decomposeActions preinstall robotjs@0.5.1
75 silly decomposeActions build robotjs@0.5.1
76 silly decomposeActions install robotjs@0.5.1
77 silly decomposeActions postinstall robotjs@0.5.1
78 silly decomposeActions finalize robotjs@0.5.1
79 silly runTopLevelLifecycles Starting
80 silly executeActions Starting
81 silly install executeActions
82 silly doSerial global-install 0
83 silly doParallel fetch 1
84 verbose correctMkdir C:\Users\v-zhlong\AppData\Roaming\npm-cache\_locks correctMkdir not in flight; initializing
85 verbose lock using C:\Users\v-zhlong\AppData\Roaming\npm-cache\_locks\staging-51149e6ee6cd7e15.lock for C:\Users\v-zhlong\Documents\GitHub\skype-robot\node_modules\.staging
86 silly doParallel extract 1
87 silly extract robotjs@0.5.1
88 verbose unbuild node_modules\.staging\robotjs-f6c13c1e
89 silly gentlyRm C:\Users\v-zhlong\Documents\GitHub\skype-robot\node_modules\.staging\robotjs-f6c13c1e is being purged from base C:\Users\v-zhlong\Documents\GitHub\skype-robot
90 verbose gentlyRm don't care about contents; nuking C:\Users\v-zhlong\Documents\GitHub\skype-robot\node_modules\.staging\robotjs-f6c13c1e
91 verbose tar unpack C:\Users\v-zhlong\AppData\Roaming\npm-cache\robotjs\0.5.1\package.tgz
92 verbose tar unpacking to C:\Users\v-zhlong\Documents\GitHub\skype-robot\node_modules\.staging\robotjs-f6c13c1e
93 silly gentlyRm C:\Users\v-zhlong\Documents\GitHub\skype-robot\node_modules\.staging\robotjs-f6c13c1e is being purged
94 verbose gentlyRm don't care about contents; nuking C:\Users\v-zhlong\Documents\GitHub\skype-robot\node_modules\.staging\robotjs-f6c13c1e
95 silly gunzTarPerm modes [ '777', '666' ]
96 silly gunzTarPerm extractEntry package.json
97 silly gunzTarPerm modified mode [ 'package.json', 420, 438 ]
98 silly gunzTarPerm extractEntry .travis.yml
99 silly gunzTarPerm modified mode [ '.travis.yml', 420, 438 ]
100 silly gunzTarPerm extractEntry appveyor.yml
101 silly gunzTarPerm modified mode [ 'appveyor.yml', 420, 438 ]
102 silly gunzTarPerm extractEntry binding.gyp
103 silly gunzTarPerm modified mode [ 'binding.gyp', 420, 438 ]
104 silly gunzTarPerm extractEntry index.d.ts
105 silly gunzTarPerm modified mode [ 'index.d.ts', 420, 438 ]
106 silly gunzTarPerm extractEntry index.js
107 silly gunzTarPerm modified mode [ 'index.js', 420, 438 ]
108 silly gunzTarPerm extractEntry LICENSE.md
109 silly gunzTarPerm modified mode [ 'LICENSE.md', 420, 438 ]
110 silly gunzTarPerm extractEntry README.md
111 silly gunzTarPerm modified mode [ 'README.md', 420, 438 ]
112 silly gunzTarPerm extractEntry .github/CONTRIBUTING.md
113 silly gunzTarPerm modified mode [ '.github/CONTRIBUTING.md', 420, 438 ]
114 silly gunzTarPerm extractEntry .github/ISSUE_TEMPLATE.md
115 silly gunzTarPerm modified mode [ '.github/ISSUE_TEMPLATE.md', 420, 438 ]
116 silly gunzTarPerm extractEntry src/alert.c
117 silly gunzTarPerm modified mode [ 'src/alert.c', 420, 438 ]
118 silly gunzTarPerm extractEntry src/alert.h
119 silly gunzTarPerm modified mode [ 'src/alert.h', 420, 438 ]
120 silly gunzTarPerm extractEntry src/base64.c
121 silly gunzTarPerm modified mode [ 'src/base64.c', 420, 438 ]
122 silly gunzTarPerm extractEntry src/base64.h
123 silly gunzTarPerm modified mode [ 'src/base64.h', 420, 438 ]
124 silly gunzTarPerm extractEntry src/bitmap_find.c
125 silly gunzTarPerm modified mode [ 'src/bitmap_find.c', 420, 438 ]
126 silly gunzTarPerm extractEntry src/bitmap_find.h
127 silly gunzTarPerm modified mode [ 'src/bitmap_find.h', 420, 438 ]
128 silly gunzTarPerm extractEntry src/bmp_io.c
129 silly gunzTarPerm modified mode [ 'src/bmp_io.c', 420, 438 ]
130 silly gunzTarPerm extractEntry src/bmp_io.h
131 silly gunzTarPerm modified mode [ 'src/bmp_io.h', 420, 438 ]
132 silly gunzTarPerm extractEntry src/color_find.c
133 silly gunzTarPerm modified mode [ 'src/color_find.c', 420, 438 ]
134 silly gunzTarPerm extractEntry src/color_find.h
135 silly gunzTarPerm modified mode [ 'src/color_find.h', 420, 438 ]
136 silly gunzTarPerm extractEntry src/deadbeef_rand.c
137 silly gunzTarPerm modified mode [ 'src/deadbeef_rand.c', 420, 438 ]
138 silly gunzTarPerm extractEntry src/deadbeef_rand.h
139 silly gunzTarPerm modified mode [ 'src/deadbeef_rand.h', 420, 438 ]
140 silly gunzTarPerm extractEntry src/endian.h
141 silly gunzTarPerm modified mode [ 'src/endian.h', 420, 438 ]
142 silly gunzTarPerm extractEntry src/inline_keywords.h
143 silly gunzTarPerm modified mode [ 'src/inline_keywords.h', 420, 438 ]
144 silly gunzTarPerm extractEntry src/io.c
145 silly gunzTarPerm modified mode [ 'src/io.c', 420, 438 ]
146 silly gunzTarPerm extractEntry src/io.h
147 silly gunzTarPerm modified mode [ 'src/io.h', 420, 438 ]
148 silly gunzTarPerm extractEntry src/keycode.c
149 silly gunzTarPerm modified mode [ 'src/keycode.c', 420, 438 ]
150 silly gunzTarPerm extractEntry src/keycode.h
151 silly gunzTarPerm modified mode [ 'src/keycode.h', 420, 438 ]
152 silly gunzTarPerm extractEntry src/keypress.c
153 silly gunzTarPerm modified mode [ 'src/keypress.c', 420, 438 ]
154 silly gunzTarPerm extractEntry src/keypress.h
155 silly gunzTarPerm modified mode [ 'src/keypress.h', 420, 438 ]
156 silly gunzTarPerm extractEntry src/microsleep.h
157 silly gunzTarPerm modified mode [ 'src/microsleep.h', 420, 438 ]
158 silly gunzTarPerm extractEntry src/MMBitmap.c
159 silly gunzTarPerm modified mode [ 'src/MMBitmap.c', 420, 438 ]
160 silly gunzTarPerm extractEntry src/MMBitmap.h
161 silly gunzTarPerm modified mode [ 'src/MMBitmap.h', 420, 438 ]
162 silly gunzTarPerm extractEntry src/MMPointArray.c
163 silly gunzTarPerm modified mode [ 'src/MMPointArray.c', 420, 438 ]
164 silly gunzTarPerm extractEntry src/MMPointArray.h
165 silly gunzTarPerm modified mode [ 'src/MMPointArray.h', 420, 438 ]
166 silly gunzTarPerm extractEntry src/mouse.c
167 silly gunzTarPerm modified mode [ 'src/mouse.c', 420, 438 ]
168 silly gunzTarPerm extractEntry src/mouse.h
169 silly gunzTarPerm modified mode [ 'src/mouse.h', 420, 438 ]
170 silly gunzTarPerm extractEntry src/ms_stdbool.h
171 silly gunzTarPerm modified mode [ 'src/ms_stdbool.h', 420, 438 ]
172 silly gunzTarPerm extractEntry src/ms_stdint.h
173 silly gunzTarPerm modified mode [ 'src/ms_stdint.h', 420, 438 ]
174 silly gunzTarPerm extractEntry src/os.h
175 silly gunzTarPerm modified mode [ 'src/os.h', 420, 438 ]
176 silly gunzTarPerm extractEntry src/pasteboard.c
177 silly gunzTarPerm modified mode [ 'src/pasteboard.c', 420, 438 ]
178 silly gunzTarPerm extractEntry src/pasteboard.h
179 silly gunzTarPerm modified mode [ 'src/pasteboard.h', 420, 438 ]
180 silly gunzTarPerm extractEntry src/png_io.c
181 silly gunzTarPerm modified mode [ 'src/png_io.c', 420, 438 ]
182 silly gunzTarPerm extractEntry src/png_io.h
183 silly gunzTarPerm modified mode [ 'src/png_io.h', 420, 438 ]
184 silly gunzTarPerm extractEntry src/rgb.h
185 silly gunzTarPerm modified mode [ 'src/rgb.h', 420, 438 ]
186 silly gunzTarPerm extractEntry src/robotjs.cc
187 silly gunzTarPerm modified mode [ 'src/robotjs.cc', 420, 438 ]
188 silly gunzTarPerm extractEntry src/screen.c
189 silly gunzTarPerm modified mode [ 'src/screen.c', 420, 438 ]
190 silly gunzTarPerm extractEntry src/screen.h
191 silly gunzTarPerm modified mode [ 'src/screen.h', 420, 438 ]
192 silly gunzTarPerm extractEntry src/screengrab.c
193 silly gunzTarPerm modified mode [ 'src/screengrab.c', 420, 438 ]
194 silly gunzTarPerm extractEntry src/screengrab.h
195 silly gunzTarPerm modified mode [ 'src/screengrab.h', 420, 438 ]
196 silly gunzTarPerm extractEntry src/snprintf.c
197 silly gunzTarPerm modified mode [ 'src/snprintf.c', 420, 438 ]
198 silly gunzTarPerm extractEntry src/snprintf.h
199 silly gunzTarPerm modified mode [ 'src/snprintf.h', 420, 438 ]
200 silly gunzTarPerm extractEntry src/str_io.c
201 silly gunzTarPerm modified mode [ 'src/str_io.c', 420, 438 ]
202 silly gunzTarPerm extractEntry src/str_io.h
203 silly gunzTarPerm modified mode [ 'src/str_io.h', 420, 438 ]
204 silly gunzTarPerm extractEntry src/types.h
205 silly gunzTarPerm modified mode [ 'src/types.h', 420, 438 ]
206 silly gunzTarPerm extractEntry src/uthash.h
207 silly gunzTarPerm modified mode [ 'src/uthash.h', 420, 438 ]
208 silly gunzTarPerm extractEntry src/UTHashTable.c
209 silly gunzTarPerm modified mode [ 'src/UTHashTable.c', 420, 438 ]
210 silly gunzTarPerm extractEntry src/UTHashTable.h
211 silly gunzTarPerm modified mode [ 'src/UTHashTable.h', 420, 438 ]
212 silly gunzTarPerm extractEntry src/xdisplay.c
213 silly gunzTarPerm modified mode [ 'src/xdisplay.c', 420, 438 ]
214 silly gunzTarPerm extractEntry src/xdisplay.h
215 silly gunzTarPerm modified mode [ 'src/xdisplay.h', 420, 438 ]
216 silly gunzTarPerm extractEntry src/zlib_util.c
217 silly gunzTarPerm modified mode [ 'src/zlib_util.c', 420, 438 ]
218 silly gunzTarPerm extractEntry src/zlib_util.h
219 silly gunzTarPerm modified mode [ 'src/zlib_util.h', 420, 438 ]
220 silly gunzTarPerm extractEntry test/bitmap.js
221 silly gunzTarPerm modified mode [ 'test/bitmap.js', 420, 438 ]
222 silly gunzTarPerm extractEntry test/integration/keyboard.js
223 silly gunzTarPerm modified mode [ 'test/integration/keyboard.js', 420, 438 ]
224 silly gunzTarPerm extractEntry test/integration/mouse.js
225 silly gunzTarPerm modified mode [ 'test/integration/mouse.js', 420, 438 ]
226 silly gunzTarPerm extractEntry test/integration/screen.js
227 silly gunzTarPerm modified mode [ 'test/integration/screen.js', 420, 438 ]
228 silly gunzTarPerm extractEntry test/keyboard.js
229 silly gunzTarPerm modified mode [ 'test/keyboard.js', 420, 438 ]
230 silly gunzTarPerm extractEntry test/mouse.js
231 silly gunzTarPerm modified mode [ 'test/mouse.js', 420, 438 ]
232 silly gunzTarPerm extractEntry test/screen.js
233 silly gunzTarPerm modified mode [ 'test/screen.js', 420, 438 ]
234 silly gentlyRm C:\Users\v-zhlong\Documents\GitHub\skype-robot\node_modules\.staging\robotjs-f6c13c1e\node_modules is being purged
235 verbose gentlyRm don't care about contents; nuking C:\Users\v-zhlong\Documents\GitHub\skype-robot\node_modules\.staging\robotjs-f6c13c1e\node_modules
236 silly doParallel preinstall 1
237 silly preinstall robotjs@0.5.1 C:\Users\v-zhlong\Documents\GitHub\skype-robot\node_modules\.staging\robotjs-f6c13c1e
238 info lifecycle robotjs@0.5.1~preinstall: robotjs@0.5.1
239 silly lifecycle robotjs@0.5.1~preinstall: no script for preinstall, continuing
240 silly doReverseSerial remove 0
241 silly doSerial move 0
242 silly doSerial finalize 1
243 silly finalize C:\Users\v-zhlong\Documents\GitHub\skype-robot\node_modules\robotjs
244 silly doSerial build 1
245 silly build robotjs@0.5.1
246 info linkStuff robotjs@0.5.1
247 silly linkStuff robotjs@0.5.1 has C:\Users\v-zhlong\Documents\GitHub\skype-robot\node_modules as its parent node_modules
248 verbose linkBins robotjs@0.5.1
249 verbose linkMans robotjs@0.5.1
250 silly doSerial global-link 0
251 silly doParallel update-linked 0
252 silly doSerial install 1
253 silly install robotjs@0.5.1 C:\Users\v-zhlong\Documents\GitHub\skype-robot\node_modules\.staging\robotjs-f6c13c1e
254 info lifecycle robotjs@0.5.1~install: robotjs@0.5.1
255 verbose lifecycle robotjs@0.5.1~install: unsafe-perm in lifecycle true
256 verbose lifecycle robotjs@0.5.1~install: PATH: C:\Users\v-zhlong\AppData\Roaming\nvm\v6.9.1\node_modules\npm\bin\node-gyp-bin;C:\Users\v-zhlong\Documents\GitHub\skype-robot\node_modules\robotjs\node_modules\.bin;C:\Users\v-zhlong\Documents\GitHub\skype-robot\node_modules\.bin;C:\Program Files (x86)\Common Files\Oracle\Java\javapath;C:\ProgramData\Oracle\Java\javapath;C:\Program Files\Common Files\Microsoft Shared\Microsoft Online Services;C:\Program Files (x86)\Common Files\Microsoft Shared\Microsoft Online Services;C:\WINDOWS\system32;C:\WINDOWS;C:\WINDOWS\System32\Wbem;C:\WINDOWS\System32\WindowsPowerShell\v1.0\;C:\ProgramData\chocolatey\bin;C:\Program Files\Git\cmd;C:\Program Files\dotnet\;C:\Program Files\Microsoft SQL Server\130\Tools\Binn\;C:\Program Files\Microsoft VS Code\bin;C:\WINDOWS\System32\OpenSSH\;C:\Users\v-zhlong\AppData\Roaming\nvm;C:\Program Files\nodejs;C:\Users\v-zhlong\AppData\Local\Microsoft\WindowsApps;C:\Users\v-zhlong\AppData\Local\GitHubDesktop\bin;C:\Program Files\Microsoft VS Code\bin;C:\Users\v-zhlong\AppData\Roaming\npm;C:\Users\v-zhlong\AppData\Local\Microsoft\WindowsApps;C:\Program Files\SQL Operations Studio\bin;C:\Users\v-zhlong\AppData\Roaming\nvm;C:\Program Files\nodejs
257 verbose lifecycle robotjs@0.5.1~install: CWD: C:\Users\v-zhlong\Documents\GitHub\skype-robot\node_modules\robotjs
258 silly lifecycle robotjs@0.5.1~install: Args: [ '/d /s /c', 'prebuild-install || node-gyp rebuild' ]
259 silly lifecycle robotjs@0.5.1~install: Returned: code: 1  signal: null
260 info lifecycle robotjs@0.5.1~install: Failed to exec install script
261 verbose unlock done using C:\Users\v-zhlong\AppData\Roaming\npm-cache\_locks\staging-51149e6ee6cd7e15.lock for C:\Users\v-zhlong\Documents\GitHub\skype-robot\node_modules\.staging
262 silly rollbackFailedOptional Starting
263 silly rollbackFailedOptional Finishing
264 silly runTopLevelLifecycles Finishing
265 silly install printInstalled
266 warn skype-robot@1.0.0 No description
267 verbose If you need help, you may report this error at:
267 verbose     <https://github.com/npm/npm/issues>
268 verbose stack Error: robotjs@0.5.1 install: `prebuild-install || node-gyp rebuild`
268 verbose stack Exit status 1
268 verbose stack     at EventEmitter.<anonymous> (C:\Users\v-zhlong\AppData\Roaming\nvm\v6.9.1\node_modules\npm\lib\utils\lifecycle.js:255:16)
268 verbose stack     at emitTwo (events.js:106:13)
268 verbose stack     at EventEmitter.emit (events.js:191:7)
268 verbose stack     at ChildProcess.<anonymous> (C:\Users\v-zhlong\AppData\Roaming\nvm\v6.9.1\node_modules\npm\lib\utils\spawn.js:40:14)
268 verbose stack     at emitTwo (events.js:106:13)
268 verbose stack     at ChildProcess.emit (events.js:191:7)
268 verbose stack     at maybeClose (internal/child_process.js:877:16)
268 verbose stack     at Process.ChildProcess._handle.onexit (internal/child_process.js:226:5)
269 verbose pkgid robotjs@0.5.1
270 verbose cwd C:\Users\v-zhlong\Documents\GitHub\skype-robot
271 error Windows_NT 10.0.17134
272 error argv "C:\\Program Files\\nodejs\\node.exe" "C:\\Program Files\\nodejs\\node_modules\\npm\\bin\\npm-cli.js" "install" "robotjs" "--save-dev"
273 error node v6.9.1
274 error npm  v3.10.8
275 error code ELIFECYCLE
276 error robotjs@0.5.1 install: `prebuild-install || node-gyp rebuild`
276 error Exit status 1
277 error Failed at the robotjs@0.5.1 install script 'prebuild-install || node-gyp rebuild'.
277 error Make sure you have the latest version of node.js and npm installed.
277 error If you do, this is most likely a problem with the robotjs package,
277 error not with npm itself.
277 error Tell the author that this fails on your system:
277 error     prebuild-install || node-gyp rebuild
277 error You can get information on how to open an issue for this project with:
277 error     npm bugs robotjs
277 error Or if that isn't available, you can get their info via:
277 error     npm owner ls robotjs
277 error There is likely additional logging output above.
278 verbose exit [ 1, true ]
